DEB [20161102-11:50:40.682] thr=1   paramiko.transport: starting thread (client mode): 0x37392b0
DEB [20161102-11:50:40.692] thr=1   paramiko.transport: Local version/idstring: SSH-2.0-paramiko_2.0.2
DEB [20161102-11:50:40.692] thr=1   paramiko.transport: Remote version/idstring: SSH-2.0-OpenSSH_5.3
INF [20161102-11:50:40.692] thr=1   paramiko.transport: Connected (version 2.0, client OpenSSH_5.3)
DEB [20161102-11:50:40.702] thr=1   paramiko.transport: kex algos:['diffie-hellman-group-exchange-sha256', 'diffie-hellman-group-exchange-sha1', 'diffie-hellman-group14-sha1', 'diffie-hellman-group1-sha1'] server key:['ssh-rsa', 'ssh-dss'] client encrypt:['aes128-ctr', 'aes192-ctr', 'aes256-ctr', 'arcfour256', 'arcfour128', 'aes128-cbc', '3des-cbc', 'blowfish-cbc', 'cast128-cbc', 'aes192-cbc', 'aes256-cbc', 'arcfour', 'rijndael-cbc@lysator.liu.se'] server encrypt:['aes128-ctr', 'aes192-ctr', 'aes256-ctr', 'arcfour256', 'arcfour128', 'aes128-cbc', '3des-cbc', 'blowfish-cbc', 'cast128-cbc', 'aes192-cbc', 'aes256-cbc', 'arcfour', 'rijndael-cbc@lysator.liu.se'] client mac:['hmac-md5', 'hmac-sha1', 'umac-64@openssh.com', 'hmac-sha2-256', 'hmac-sha2-512', 'hmac-ripemd160', 'hmac-ripemd160@openssh.com', 'hmac-sha1-96', 'hmac-md5-96'] server mac:['hmac-md5', 'hmac-sha1', 'umac-64@openssh.com', 'hmac-sha2-256', 'hmac-sha2-512', 'hmac-ripemd160', 'hmac-ripemd160@openssh.com', 'hmac-sha1-96', 'hmac-md5-96'] client compress:['none', 'zlib@openssh.com'] server compress:['none', 'zlib@openssh.com'] client lang:[''] server lang:[''] kex follows?False
DEB [20161102-11:50:40.702] thr=1   paramiko.transport: Kex agreed: diffie-hellman-group1-sha1
DEB [20161102-11:50:40.702] thr=1   paramiko.transport: Cipher agreed: aes128-ctr
DEB [20161102-11:50:40.702] thr=1   paramiko.transport: MAC agreed: hmac-sha2-256
DEB [20161102-11:50:40.702] thr=1   paramiko.transport: Compression agreed: none
DEB [20161102-11:50:40.852] thr=1   paramiko.transport: kex engine KexGroup1 specified hash_algo <built-in function openssl_sha1>
DEB [20161102-11:50:40.852] thr=1   paramiko.transport: Switch to new keys ...
DEB [20161102-11:50:40.852] thr=2   paramiko.transport: Adding ssh-rsa host key for ctr-prd.bns: b'24ae137473ffeca045acabb263fe31ad'
DEB [20161102-11:50:40.862] thr=1   paramiko.transport: userauth is OK
INF [20161102-11:50:40.903] thr=1   paramiko.transport: Authentication (password) successful!
DEB [20161102-11:50:40.903] thr=2   paramiko.transport: [chan 0] Max packet in: 32768 bytes
DEB [20161102-11:50:40.936] thr=1   paramiko.transport: [chan 0] Max packet out: 32768 bytes
DEB [20161102-11:50:40.936] thr=1   paramiko.transport: Secsh channel 0 opened.
DEB [20161102-11:50:40.936] thr=1   paramiko.transport: [chan 0] Sesch channel 0 request ok
DEB [20161102-11:50:40.936] thr=2   paramiko.transport: [chan 1] Max packet in: 32768 bytes
DEB [20161102-11:50:40.936] thr=1   paramiko.transport: [chan 1] Max packet out: 32768 bytes
DEB [20161102-11:50:40.936] thr=1   paramiko.transport: Secsh channel 1 opened.
DEB [20161102-11:50:40.946] thr=1   paramiko.transport: [chan 1] Sesch channel 1 request ok
INF [20161102-11:50:40.946] thr=2   paramiko.transport.sftp: [chan 1] Opened sftp connection (server version 3)
DEB [20161102-11:50:40.946] thr=2   paramiko.transport.sftp: [chan 1] listdir(b'/opt/ctr/ctr/ctrapp/ctr/ctrarchive/compress/')
DEB [20161102-11:50:40.966] thr=1   paramiko.transport: [chan 0] EOF received (0)
DEB [20161102-11:50:40.966] thr=1   paramiko.transport: [chan 0] EOF sent (0)
DEB [20161102-11:50:40.996] thr=2   paramiko.transport.sftp: [chan 1] stat(b'/opt/ctr/ctr/ctrapp/ctr/ctrarchive/compress/ctrdata-data_out-25-OCT-16-1477495277.zip')
DEB [20161102-11:50:40.996] thr=2   paramiko.transport.sftp: [chan 1] open(b'/opt/ctr/ctr/ctrapp/ctr/ctrarchive/compress/ctrdata-data_out-25-OCT-16-1477495277.zip', 'rb')
DEB [20161102-11:50:40.996] thr=2   paramiko.transport.sftp: [chan 1] open(b'/opt/ctr/ctr/ctrapp/ctr/ctrarchive/compress/ctrdata-data_out-25-OCT-16-1477495277.zip', 'rb') -> b'00000000'
DEB [20161102-11:50:49.789] thr=2   paramiko.transport.sftp: [chan 1] close(b'00000000')
DEB [20161102-11:50:49.789] thr=1   paramiko.transport: EOF in transport thread
